authorization/build/intermediates/manifest_merge_blame_file/debug/manifest-merger-blame-debug-report.txt
1<?xml version="1.0" encoding="utf-8"?>
2<manifest xmlns:android="http://schemas.android.com/apk/res/android"
3    package="com.example.birbankinvest.authorization" >
4
5    <uses-sdk android:minSdkVersion="26" />
5-->src\main\AndroidManifest.xml
6
7    <application
7-->src\main\AndroidManifest.xml:5:5-21:19
8        android:allowBackup="true"
8-->src\main\AndroidManifest.xml:6:9-35
9        android:icon="@mipmap/ic_launcher"
9-->src\main\AndroidManifest.xml:7:9-43
10        android:label="@string/app_name"
10-->src\main\AndroidManifest.xml:8:9-41
11        android:roundIcon="@mipmap/ic_launcher_round"
11-->src\main\AndroidManifest.xml:9:9-54
12        android:supportsRtl="true"
12-->src\main\AndroidManifest.xml:10:9-35
13        android:theme="@style/Theme.BirbankInvest" >
13-->src\main\AndroidManifest.xml:11:9-51
14        <activity
14-->src\main\AndroidManifest.xml:12:9-20:20
15            android:name="com.example.authorization.AuthorizationActivity"
15-->src\main\AndroidManifest.xml:13:13-75
16            android:exported="true" >
16-->src\main\AndroidManifest.xml:14:13-36
17            <intent-filter>
17-->src\main\AndroidManifest.xml:15:13-19:29
18                <action android:name="android.intent.action.MAIN" />
18-->src\main\AndroidManifest.xml:16:17-69
18-->src\main\AndroidManifest.xml:16:25-66
19
20                <category android:name="android.intent.category.LAUNCHER" />
20-->src\main\AndroidManifest.xml:18:17-77
20-->src\main\AndroidManifest.xml:18:27-74
21            </intent-filter>
22        </activity>
23    </application>
24
25</manifest>